C:\Users\elec-jack\Desktop\15-1201_三軸鎖螺絲機(下壓氣動滑牙浮鎖缺料)同15-704\電路圖\15-1201E-01.dwg,模型,2015/12/15 下午 01:53:52,elec-jack,FX DocuCentre-IV 2060 PCL 6,A4(210x297mm),1:1.01885,
C:\Users\elec-jack\Desktop\15-1201_三軸鎖螺絲機(下壓氣動滑牙浮鎖缺料)同15-704\電路圖\15-1201E-02.dwg,模型,2015/12/15 下午 01:53:58,elec-jack,FX DocuCentre-IV 2060 PCL 6,A4(210x297mm),1:1.01885,
C:\Users\elec-jack\Desktop\15-1201_三軸鎖螺絲機(下壓氣動滑牙浮鎖缺料)同15-704\電路圖\15-1201E-03.dwg,模型,2015/12/15 下午 01:54:03,elec-jack,FX DocuCentre-IV 2060 PCL 6,A4(210x297mm),1:1.01885,
C:\Users\elec-jack\Desktop\15-1201_三軸鎖螺絲機(下壓氣動滑牙浮鎖缺料)同15-704\電路圖\15-1201E-04.dwg,模型,2015/12/15 下午 01:54:08,elec-jack,FX DocuCentre-IV 2060 PCL 6,A4(210x297mm),1:1.01885,
C:\Users\USER\Desktop\16-903_三軸鎖螺絲機(下壓氣動滑牙浮鎖缺料)同15-704\電路圖\16-903E-01.dwg,模型,2016/9/20 上午 11:51:14,USER,FUJI XEROX DocuPrint M355 df,A4,1:1.02079,
C:\Users\USER\Desktop\16-903_三軸鎖螺絲機(下壓氣動滑牙浮鎖缺料)同15-704\電路圖\16-903E-02.dwg,模型,2016/9/20 上午 11:51:28,USER,FUJI XEROX DocuPrint M355 df,A4,1:1.02079,
C:\Users\USER\Desktop\16-903_三軸鎖螺絲機(下壓氣動滑牙浮鎖缺料)同15-704\電路圖\16-903E-03.dwg,模型,2016/9/20 上午 11:51:40,USER,FUJI XEROX DocuPrint M355 df,A4,1:1.02079,
C:\Users\USER\Desktop\16-903_三軸鎖螺絲機(下壓氣動滑牙浮鎖缺料)同15-704\電路圖\16-903E-04.dwg,模型,2016/9/20 上午 11:51:51,USER,FUJI XEROX DocuPrint M355 df,A4,1:1.02079,
C:\Users\USER\Desktop\16-903_三軸鎖螺絲機(下壓氣動滑牙浮鎖缺料)同15-704\電路圖\16-903E-02.dwg,模型,2016/9/20 下午 01:04:32,USER,FUJI XEROX DocuPrint M355 df,A4,1:1.02079,
C:\Users\USER\Desktop\16-903_三軸鎖螺絲機(下壓氣動滑牙浮鎖缺料)同15-704\電路圖\16-903E-03.dwg,模型,2016/9/20 下午 01:04:54,USER,FUJI XEROX DocuPrint M355 df,A4,1:1.02079,
C:\Users\USER\Desktop\16-903_三軸鎖螺絲機(下壓氣動滑牙浮鎖缺料)同15-704\電路圖\16-903E-04.dwg,模型,2016/9/20 下午 01:05:07,USER,FUJI XEROX DocuPrint M355 df,A4,1:1.02079,
C:\Users\USER\Desktop\16-1002_三軸鎖螺絲機(下壓氣動滑牙浮鎖缺料)同15-704\電路圖\16-1002E-01.dwg,模型,2016/10/17 上午 08:42:44,USER,FX DocuCentre-IV 2060 PCL 6,A4(210x297mm),1:1.01885,
C:\Users\USER\Desktop\16-1002_三軸鎖螺絲機(下壓氣動滑牙浮鎖缺料)同15-704\電路圖\16-1002E-02.dwg,模型,2016/10/17 上午 08:42:58,USER,FX DocuCentre-IV 2060 PCL 6,A4(210x297mm),1:1.01885,
C:\Users\USER\Desktop\16-1002_三軸鎖螺絲機(下壓氣動滑牙浮鎖缺料)同15-704\電路圖\16-1002E-03.dwg,模型,2016/10/17 上午 08:43:11,USER,FX DocuCentre-IV 2060 PCL 6,A4(210x297mm),1:1.01885,
C:\Users\USER\Desktop\16-1002_三軸鎖螺絲機(下壓氣動滑牙浮鎖缺料)同15-704\電路圖\16-1002E-04.dwg,模型,2016/10/17 上午 08:43:19,USER,FX DocuCentre-IV 2060 PCL 6,A4(210x297mm),1:1.01885,
C:\Users\USER\Desktop\電路圖\16-903E-01.dwg,模型,2016/11/3 下午 03:52:07,USER,FX DocuPrint P215 b XPS,A4(210x297mm),1:1.01777,
C:\Users\USER\Desktop\電路圖\16-903E-01.dwg,模型,2016/11/3 下午 03:59:38,USER,FUJI XEROX DocuPrint M355 df,A4,1:1.02079,
C:\Users\USER\Desktop\電路圖\16-903E-02.dwg,模型,2016/11/3 下午 04:05:32,USER,FUJI XEROX DocuPrint M355 df,A4,1:1.02079,
C:\Users\USER\Desktop\電路圖\16-903E-03.dwg,模型,2016/11/3 下午 04:06:01,USER,FUJI XEROX DocuPrint M355 df,A4,1:1.02079,
C:\Users\USER\Desktop\電路圖\16-903E-04.dwg,模型,2016/11/3 下午 04:06:23,USER,FUJI XEROX DocuPrint M355 df,A4,1:1.02079,
D:\公司裝機\本人\進行中工作\18-201_三軸鎖螺絲機(下壓氣動滑牙浮鎖缺料)(信昌)\電路圖\18-201E-04.dwg,模型,2018/3/19 下午 04:55:20,USER,FUJI XEROX DocuPrint M355 df,A4,1:1.01949,
D:\公司裝機\本人\進行中工作\18-201_三軸鎖螺絲機(下壓氣動滑牙浮鎖缺料)(信昌)\電路圖\18-201E-03.dwg,模型,2018/3/19 下午 04:55:32,USER,FUJI XEROX DocuPrint M355 df,A4,1:1.01949,
D:\公司裝機\本人\進行中工作\18-201_三軸鎖螺絲機(下壓氣動滑牙浮鎖缺料)(信昌)\電路圖\18-201E-02.dwg,模型,2018/3/19 下午 04:55:43,USER,FUJI XEROX DocuPrint M355 df,A4,1:1.01949,
D:\公司裝機\本人\進行中工作\18-201_三軸鎖螺絲機(下壓氣動滑牙浮鎖缺料)(信昌)\電路圖\18-201E-01.dwg,模型,2018/3/19 下午 04:55:54,USER,FUJI XEROX DocuPrint M355 df,A4,1:1.01949,
C:\Users\user\Desktop\20-1105_三軸鎖螺絲機(下壓氣動滑牙浮鎖缺料)(信昌)\電路圖\20-1105E-01.dwg,模型,2020/12/2 上午 11:12:36,user,AutoCAD PDF (General Documentation).pc3,ISO A4 (210.00 x 297.00 公釐),1:1.09125,
C:\Users\user\Desktop\20-1105_三軸鎖螺絲機(下壓氣動滑牙浮鎖缺料)(信昌)\電路圖\20-1105E-02.dwg,模型,2020/12/2 上午 11:13:55,user,AutoCAD PDF (General Documentation).pc3,ISO full bleed A4 (210.00 x 297.00 公釐),1:0.971282,
C:\Users\user\Desktop\20-1105_三軸鎖螺絲機(下壓氣動滑牙浮鎖缺料)(信昌)\電路圖\20-1105E-03.dwg,模型,2020/12/2 上午 11:14:47,user,AutoCAD PDF (General Documentation).pc3,ISO full bleed A4 (210.00 x 297.00 公釐),1:0.971282,
C:\Users\user\Desktop\20-1105_三軸鎖螺絲機(下壓氣動滑牙浮鎖缺料)(信昌)\電路圖\20-1105E-04.dwg,模型,2020/12/2 上午 11:15:23,user,AutoCAD PDF (General Documentation).pc3,ISO full bleed A4 (210.00 x 297.00 公釐),1:0.971282,
C:\Users\user\Desktop\已完成\20-1105_三軸鎖螺絲機(下壓氣動滑牙浮鎖缺料)(信昌)\電路圖\20-1105E-01.dwg,模型,2021/1/14 上午 10:29:31,user,AutoCAD PDF (General Documentation).pc3,ISO A4 (210.00 x 297.00 公釐),1:1.09125,
